# JRE version: OpenJDK Runtime Environment (21.0.6) (build 21.0.6+-13368085-b895.109)
# Java VM: OpenJDK 64-Bit Server VM (21.0.6+-13368085-b895.109, mixed mode, tiered, compressed oops, compressed class ptrs, g1 gc, windows-amd64)
GC Precious Log:
 CardTable entry size: 512
 Card Set container configuration: InlinePtr #cards 5 size 8 Array Of Cards #cards 12 size 40 Howl #buckets 4 coarsen threshold 1843 Howl Bitmap #cards 512 size 80 coarsen threshold 460 Card regions per heap region 1 cards per card region 2048
 CPUs: 6 total, 6 available
 Memory: 16208M
 Large Page Support: Disabled
 NUMA Support: Disabled
 Compressed Oops: Enabled (32-bit)
 Heap Region Size: 1M
 Heap Min Capacity: 8M
 Heap Initial Capacity: 254M
 Heap Max Capacity: 2G
 Pre-touch: Disabled
 Parallel Workers: 6
 Concurrent Workers: 2
 Concurrent Refinement Workers: 6
 Periodic GC: Disabled
Heap:
 garbage-first heap   total 476160K, used 335872K [0x0000000080000000, 0x0000000100000000)
  region size 1024K, 8 young (8192K), 4 survivors (4096K)
 Metaspace       used 235303K, committed 238400K, reserved 1310720K
  class space    used 29660K, committed 31232K, reserved 1048576K
GC Heap History (20 events):
Event: 217.084 GC heap before
{Heap before GC invocations=70 (full 0):
 garbage-first heap   total 427008K, used 387131K [0x0000000080000000, 0x0000000100000000)
  region size 1024K, 150 young (153600K), 7 survivors (7168K)
 Metaspace       used 216995K, committed 220096K, reserved 1245184K
  class space    used 27175K, committed 28736K, reserved 1048576K
}
Event: 217.098 GC heap after
{Heap after GC invocations=71 (full 0):
 garbage-first heap   total 427008K, used 252982K [0x0000000080000000, 0x0000000100000000)
  region size 1024K, 18 young (18432K), 18 survivors (18432K)
 Metaspace       used 216995K, committed 220096K, reserved 1245184K
  class space    used 27175K, committed 28736K, reserved 1048576K
}
Event: 219.822 GC heap before
{Heap before GC invocations=72 (full 0):
 garbage-first heap   total 427008K, used 387126K [0x0000000080000000, 0x0000000100000000)
  region size 1024K, 147 young (150528K), 18 survivors (18432K)
 Metaspace       used 218510K, committed 221568K, reserved 1245184K
  class space    used 27351K, committed 28928K, reserved 1048576K
}
Event: 219.843 GC heap after
{Heap after GC invocations=73 (full 0):
 garbage-first heap   total 427008K, used 266552K [0x0000000080000000, 0x0000000100000000)
  region size 1024K, 13 young (13312K), 13 survivors (13312K)
 Metaspace       used 218510K, committed 221568K, reserved 1245184K
  class space    used 27351K, committed 28928K, reserved 1048576K
}
Event: 221.367 GC heap before
{Heap before GC invocations=73 (full 0):
 garbage-first heap   total 427008K, used 389432K [0x0000000080000000, 0x0000000100000000)
  region size 1024K, 135 young (138240K), 13 survivors (13312K)
 Metaspace       used 218875K, committed 222016K, reserved 1245184K
  class space    used 27387K, committed 28992K, reserved 1048576K
}
Event: 221.381 GC heap after
{Heap after GC invocations=74 (full 0):
 garbage-first heap   total 427008K, used 264107K [0x0000000080000000, 0x0000000100000000)
  region size 1024K, 3 young (3072K), 3 survivors (3072K)
 Metaspace       used 218875K, committed 222016K, reserved 1245184K
  class space    used 27387K, committed 28992K, reserved 1048576K
}
Event: 221.651 GC heap before
{Heap before GC invocations=74 (full 0):
 garbage-first heap   total 427008K, used 399275K [0x0000000080000000, 0x0000000100000000)
  region size 1024K, 136 young (139264K), 3 survivors (3072K)
 Metaspace       used 218880K, committed 222016K, reserved 1245184K
  class space    used 27387K, committed 28992K, reserved 1048576K
}
Event: 221.654 GC heap after
{Heap after GC invocations=75 (full 0):
 garbage-first heap   total 427008K, used 264289K [0x0000000080000000, 0x0000000100000000)
  region size 1024K, 3 young (3072K), 3 survivors (3072K)
 Metaspace       used 218880K, committed 222016K, reserved 1245184K
  class space    used 27387K, committed 28992K, reserved 1048576K
}
Event: 222.789 GC heap before
{Heap before GC invocations=76 (full 0):
 garbage-first heap   total 442368K, used 398433K [0x0000000080000000, 0x0000000100000000)
  region size 1024K, 135 young (138240K), 3 survivors (3072K)
 Metaspace       used 218899K, committed 222016K, reserved 1245184K
  class space    used 27389K, committed 28992K, reserved 1048576K
}
Event: 222.793 GC heap after
{Heap after GC invocations=77 (full 0):
 garbage-first heap   total 442368K, used 263666K [0x0000000080000000, 0x0000000100000000)
  region size 1024K, 2 young (2048K), 2 survivors (2048K)
 Metaspace       used 218899K, committed 222016K, reserved 1245184K
  class space    used 27389K, committed 28992K, reserved 1048576K
}
Event: 224.784 GC heap before
{Heap before GC invocations=77 (full 0):
 garbage-first heap   total 442368K, used 415218K [0x0000000080000000, 0x0000000100000000)
  region size 1024K, 151 young (154624K), 2 survivors (2048K)
 Metaspace       used 222903K, committed 226048K, reserved 1310720K
  class space    used 27976K, committed 29568K, reserved 1048576K
}
Event: 224.796 GC heap after
{Heap after GC invocations=78 (full 0):
 garbage-first heap   total 444416K, used 263922K [0x0000000080000000, 0x0000000100000000)
  region size 1024K, 18 young (18432K), 18 survivors (18432K)
 Metaspace       used 222903K, committed 226048K, reserved 1310720K
  class space    used 27976K, committed 29568K, reserved 1048576K
}
Event: 225.567 GC heap before
{Heap before GC invocations=78 (full 0):
 garbage-first heap   total 444416K, used 400114K [0x0000000080000000, 0x0000000100000000)
  region size 1024K, 152 young (155648K), 18 survivors (18432K)
 Metaspace       used 227074K, committed 230208K, reserved 1310720K
  class space    used 28546K, committed 30144K, reserved 1048576K
}
Event: 225.588 GC heap after
{Heap after GC invocations=79 (full 0):
 garbage-first heap   total 444416K, used 285560K [0x0000000080000000, 0x0000000100000000)
  region size 1024K, 19 young (19456K), 19 survivors (19456K)
 Metaspace       used 227074K, committed 230208K, reserved 1310720K
  class space    used 28546K, committed 30144K, reserved 1048576K
}
Event: 226.128 GC heap before
{Heap before GC invocations=80 (full 0):
 garbage-first heap   total 476160K, used 399224K [0x0000000080000000, 0x0000000100000000)
  region size 1024K, 131 young (134144K), 19 survivors (19456K)
 Metaspace       used 228979K, committed 232128K, reserved 1310720K
  class space    used 28800K, committed 30400K, reserved 1048576K
}
Event: 226.158 GC heap after
{Heap after GC invocations=81 (full 0):
 garbage-first heap   total 476160K, used 312320K [0x0000000080000000, 0x0000000100000000)
  region size 1024K, 17 young (17408K), 17 survivors (17408K)
 Metaspace       used 228979K, committed 232128K, reserved 1310720K
  class space    used 28800K, committed 30400K, reserved 1048576K
}
Event: 227.048 GC heap before
{Heap before GC invocations=81 (full 0):
 garbage-first heap   total 476160K, used 428032K [0x0000000080000000, 0x0000000100000000)
  region size 1024K, 131 young (134144K), 17 survivors (17408K)
 Metaspace       used 232125K, committed 235200K, reserved 1310720K
  class space    used 29300K, committed 30848K, reserved 1048576K
}
Event: 227.075 GC heap after
{Heap after GC invocations=82 (full 0):
 garbage-first heap   total 476160K, used 328192K [0x0000000080000000, 0x0000000100000000)
  region size 1024K, 17 young (17408K), 17 survivors (17408K)
 Metaspace       used 232125K, committed 235200K, reserved 1310720K
  class space    used 29300K, committed 30848K, reserved 1048576K
}
Event: 228.830 GC heap before
{Heap before GC invocations=82 (full 0):
 garbage-first heap   total 476160K, used 431616K [0x0000000080000000, 0x0000000100000000)
  region size 1024K, 119 young (121856K), 17 survivors (17408K)
 Metaspace       used 235231K, committed 238336K, reserved 1310720K
  class space    used 29655K, committed 31232K, reserved 1048576K
}
Event: 228.845 GC heap after
{Heap after GC invocations=83 (full 0):
 garbage-first heap   total 476160K, used 332800K [0x0000000080000000, 0x0000000100000000)
  region size 1024K, 4 young (4096K), 4 survivors (4096K)
 Metaspace       used 235231K, committed 238336K, reserved 1310720K
  class space    used 29655K, committed 31232K, reserved 1048576K
}

