# JRE version: OpenJDK Runtime Environment (21.0.6) (build 21.0.6+-13368085-b895.109)
# Java VM: OpenJDK 64-Bit Server VM (21.0.6+-13368085-b895.109, mixed mode, tiered, compressed oops, compressed class ptrs, g1 gc, windows-amd64)
GC Precious Log:
 CardTable entry size: 512
 Card Set container configuration: InlinePtr #cards 5 size 8 Array Of Cards #cards 12 size 40 Howl #buckets 4 coarsen threshold 1843 Howl Bitmap #cards 512 size 80 coarsen threshold 460 Card regions per heap region 1 cards per card region 2048
 CPUs: 6 total, 6 available
 Memory: 16208M
 Large Page Support: Disabled
 NUMA Support: Disabled
 Compressed Oops: Enabled (32-bit)
 Heap Region Size: 1M
 Heap Min Capacity: 8M
 Heap Initial Capacity: 254M
 Heap Max Capacity: 2G
 Pre-touch: Disabled
 Parallel Workers: 6
 Concurrent Workers: 2
 Concurrent Refinement Workers: 6
 Periodic GC: Disabled
Heap:
 garbage-first heap   total 399360K, used 264192K [0x0000000080000000, 0x0000000100000000)
  region size 1024K, 20 young (20480K), 11 survivors (11264K)
 Metaspace       used 212952K, committed 216000K, reserved 1245184K
  class space    used 26967K, committed 28480K, reserved 1048576K
GC Heap History (20 events):
Event: 20.012 GC heap before
{Heap before GC invocations=59 (full 0):
 garbage-first heap   total 288768K, used 261750K [0x0000000080000000, 0x0000000100000000)
  region size 1024K, 80 young (81920K), 11 survivors (11264K)
 Metaspace       used 176003K, committed 178880K, reserved 1245184K
  class space    used 22698K, committed 24128K, reserved 1048576K
}
Event: 20.021 GC heap after
{Heap after GC invocations=60 (full 0):
 garbage-first heap   total 288768K, used 193261K [0x0000000080000000, 0x0000000100000000)
  region size 1024K, 6 young (6144K), 6 survivors (6144K)
 Metaspace       used 176003K, committed 178880K, reserved 1245184K
  class space    used 22698K, committed 24128K, reserved 1048576K
}
Event: 20.674 GC heap before
{Heap before GC invocations=60 (full 0):
 garbage-first heap   total 288768K, used 265965K [0x0000000080000000, 0x0000000100000000)
  region size 1024K, 78 young (79872K), 6 survivors (6144K)
 Metaspace       used 177396K, committed 180160K, reserved 1245184K
  class space    used 22869K, committed 24256K, reserved 1048576K
}
Event: 20.679 GC heap after
{Heap after GC invocations=61 (full 0):
 garbage-first heap   total 288768K, used 197802K [0x0000000080000000, 0x0000000100000000)
  region size 1024K, 7 young (7168K), 7 survivors (7168K)
 Metaspace       used 177396K, committed 180160K, reserved 1245184K
  class space    used 22869K, committed 24256K, reserved 1048576K
}
Event: 21.385 GC heap before
{Heap before GC invocations=62 (full 0):
 garbage-first heap   total 331776K, used 264362K [0x0000000080000000, 0x0000000100000000)
  region size 1024K, 71 young (72704K), 7 survivors (7168K)
 Metaspace       used 185302K, committed 188096K, reserved 1245184K
  class space    used 23857K, committed 25216K, reserved 1048576K
}
Event: 21.392 GC heap after
{Heap after GC invocations=63 (full 0):
 garbage-first heap   total 331776K, used 202235K [0x0000000080000000, 0x0000000100000000)
  region size 1024K, 5 young (5120K), 5 survivors (5120K)
 Metaspace       used 185302K, committed 188096K, reserved 1245184K
  class space    used 23857K, committed 25216K, reserved 1048576K
}
Event: 22.498 GC heap before
{Heap before GC invocations=63 (full 0):
 garbage-first heap   total 331776K, used 302587K [0x0000000080000000, 0x0000000100000000)
  region size 1024K, 103 young (105472K), 5 survivors (5120K)
 Metaspace       used 191230K, committed 194112K, reserved 1245184K
  class space    used 24558K, committed 25984K, reserved 1048576K
}
Event: 22.508 GC heap after
{Heap after GC invocations=64 (full 0):
 garbage-first heap   total 331776K, used 209232K [0x0000000080000000, 0x0000000100000000)
  region size 1024K, 13 young (13312K), 13 survivors (13312K)
 Metaspace       used 191230K, committed 194112K, reserved 1245184K
  class space    used 24558K, committed 25984K, reserved 1048576K
}
Event: 23.355 GC heap before
{Heap before GC invocations=64 (full 0):
 garbage-first heap   total 331776K, used 299344K [0x0000000080000000, 0x0000000100000000)
  region size 1024K, 102 young (104448K), 13 survivors (13312K)
 Metaspace       used 194755K, committed 197632K, reserved 1245184K
  class space    used 24957K, committed 26368K, reserved 1048576K
}
Event: 23.368 GC heap after
{Heap after GC invocations=65 (full 0):
 garbage-first heap   total 331776K, used 219136K [0x0000000080000000, 0x0000000100000000)
  region size 1024K, 10 young (10240K), 10 survivors (10240K)
 Metaspace       used 194755K, committed 197632K, reserved 1245184K
  class space    used 24957K, committed 26368K, reserved 1048576K
}
Event: 27.172 GC heap before
{Heap before GC invocations=66 (full 0):
 garbage-first heap   total 365568K, used 301056K [0x0000000080000000, 0x0000000100000000)
  region size 1024K, 91 young (93184K), 10 survivors (10240K)
 Metaspace       used 201079K, committed 203968K, reserved 1245184K
  class space    used 25711K, committed 27136K, reserved 1048576K
}
Event: 27.179 GC heap after
{Heap after GC invocations=67 (full 0):
 garbage-first heap   total 365568K, used 224557K [0x0000000080000000, 0x0000000100000000)
  region size 1024K, 5 young (5120K), 5 survivors (5120K)
 Metaspace       used 201079K, committed 203968K, reserved 1245184K
  class space    used 25711K, committed 27136K, reserved 1048576K
}
Event: 245.175 GC heap before
{Heap before GC invocations=67 (full 0):
 garbage-first heap   total 365568K, used 335149K [0x0000000080000000, 0x0000000100000000)
  region size 1024K, 114 young (116736K), 5 survivors (5120K)
 Metaspace       used 208105K, committed 211072K, reserved 1245184K
  class space    used 26366K, committed 27840K, reserved 1048576K
}
Event: 245.185 GC heap after
{Heap after GC invocations=68 (full 0):
 garbage-first heap   total 365568K, used 226675K [0x0000000080000000, 0x0000000100000000)
  region size 1024K, 10 young (10240K), 10 survivors (10240K)
 Metaspace       used 208105K, committed 211072K, reserved 1245184K
  class space    used 26366K, committed 27840K, reserved 1048576K
}
Event: 246.479 GC heap before
{Heap before GC invocations=68 (full 0):
 garbage-first heap   total 365568K, used 334195K [0x0000000080000000, 0x0000000100000000)
  region size 1024K, 116 young (118784K), 10 survivors (10240K)
 Metaspace       used 208575K, committed 211584K, reserved 1245184K
  class space    used 26368K, committed 27840K, reserved 1048576K
}
Event: 246.497 GC heap after
{Heap after GC invocations=69 (full 0):
 garbage-first heap   total 365568K, used 239264K [0x0000000080000000, 0x0000000100000000)
  region size 1024K, 15 young (15360K), 15 survivors (15360K)
 Metaspace       used 208575K, committed 211584K, reserved 1245184K
  class space    used 26368K, committed 27840K, reserved 1048576K
}
Event: 312.794 GC heap before
{Heap before GC invocations=70 (full 0):
 garbage-first heap   total 399360K, used 328352K [0x0000000080000000, 0x0000000100000000)
  region size 1024K, 103 young (105472K), 15 survivors (15360K)
 Metaspace       used 209142K, committed 212160K, reserved 1245184K
  class space    used 26422K, committed 27904K, reserved 1048576K
}
Event: 312.808 GC heap after
{Heap after GC invocations=71 (full 0):
 garbage-first heap   total 399360K, used 248696K [0x0000000080000000, 0x0000000100000000)
  region size 1024K, 9 young (9216K), 9 survivors (9216K)
 Metaspace       used 209142K, committed 212160K, reserved 1245184K
  class space    used 26422K, committed 27904K, reserved 1048576K
}
Event: 314.793 GC heap before
{Heap before GC invocations=71 (full 0):
 garbage-first heap   total 399360K, used 358264K [0x0000000080000000, 0x0000000100000000)
  region size 1024K, 117 young (119808K), 9 survivors (9216K)
 Metaspace       used 212382K, committed 215424K, reserved 1245184K
  class space    used 26901K, committed 28416K, reserved 1048576K
}
Event: 314.808 GC heap after
{Heap after GC invocations=72 (full 0):
 garbage-first heap   total 399360K, used 256000K [0x0000000080000000, 0x0000000100000000)
  region size 1024K, 11 young (11264K), 11 survivors (11264K)
 Metaspace       used 212382K, committed 215424K, reserved 1245184K
  class space    used 26901K, committed 28416K, reserved 1048576K
}

