# JRE version: OpenJDK Runtime Environment (21.0.6) (build 21.0.6+-13368085-b895.109)
# Java VM: OpenJDK 64-Bit Server VM (21.0.6+-13368085-b895.109, mixed mode, tiered, compressed oops, compressed class ptrs, g1 gc, windows-amd64)
GC Precious Log:
 CardTable entry size: 512
 Card Set container configuration: InlinePtr #cards 5 size 8 Array Of Cards #cards 12 size 40 Howl #buckets 4 coarsen threshold 1843 Howl Bitmap #cards 512 size 80 coarsen threshold 460 Card regions per heap region 1 cards per card region 2048
 CPUs: 6 total, 6 available
 Memory: 16208M
 Large Page Support: Disabled
 NUMA Support: Disabled
 Compressed Oops: Enabled (32-bit)
 Heap Region Size: 1M
 Heap Min Capacity: 8M
 Heap Initial Capacity: 254M
 Heap Max Capacity: 2G
 Pre-touch: Disabled
 Parallel Workers: 6
 Concurrent Workers: 2
 Concurrent Refinement Workers: 6
 Periodic GC: Disabled
Heap:
 garbage-first heap   total 411648K, used 324131K [0x0000000080000000, 0x0000000100000000)
  region size 1024K, 87 young (89088K), 7 survivors (7168K)
 Metaspace       used 211400K, committed 214336K, reserved 1245184K
  class space    used 26679K, committed 28160K, reserved 1048576K
GC Heap History (20 events):
Event: 23.138 GC heap before
{Heap before GC invocations=58 (full 0):
 garbage-first heap   total 360448K, used 300258K [0x0000000080000000, 0x0000000100000000)
  region size 1024K, 89 young (91136K), 6 survivors (6144K)
 Metaspace       used 176400K, committed 179136K, reserved 1245184K
  class space    used 22489K, committed 23872K, reserved 1048576K
}
Event: 23.143 GC heap after
{Heap after GC invocations=59 (full 0):
 garbage-first heap   total 360448K, used 216380K [0x0000000080000000, 0x0000000100000000)
  region size 1024K, 8 young (8192K), 8 survivors (8192K)
 Metaspace       used 176400K, committed 179136K, reserved 1245184K
  class space    used 22489K, committed 23872K, reserved 1048576K
}
Event: 24.449 GC heap before
{Heap before GC invocations=59 (full 0):
 garbage-first heap   total 360448K, used 341308K [0x0000000080000000, 0x0000000100000000)
  region size 1024K, 111 young (113664K), 8 survivors (8192K)
 Metaspace       used 185296K, committed 188096K, reserved 1245184K
  class space    used 23578K, committed 24960K, reserved 1048576K
}
Event: 24.460 GC heap after
{Heap after GC invocations=60 (full 0):
 garbage-first heap   total 365568K, used 232174K [0x0000000080000000, 0x0000000100000000)
  region size 1024K, 14 young (14336K), 14 survivors (14336K)
 Metaspace       used 185296K, committed 188096K, reserved 1245184K
  class space    used 23578K, committed 24960K, reserved 1048576K
}
Event: 25.989 GC heap before
{Heap before GC invocations=60 (full 0):
 garbage-first heap   total 365568K, used 330478K [0x0000000080000000, 0x0000000100000000)
  region size 1024K, 111 young (113664K), 14 survivors (14336K)
 Metaspace       used 185301K, committed 188096K, reserved 1245184K
  class space    used 23578K, committed 24960K, reserved 1048576K
}
Event: 25.998 GC heap after
{Heap after GC invocations=61 (full 0):
 garbage-first heap   total 365568K, used 238776K [0x0000000080000000, 0x0000000100000000)
  region size 1024K, 8 young (8192K), 8 survivors (8192K)
 Metaspace       used 185301K, committed 188096K, reserved 1245184K
  class space    used 23578K, committed 24960K, reserved 1048576K
}
Event: 27.061 GC heap before
{Heap before GC invocations=62 (full 0):
 garbage-first heap   total 393216K, used 332984K [0x0000000080000000, 0x0000000100000000)
  region size 1024K, 103 young (105472K), 8 survivors (8192K)
 Metaspace       used 192634K, committed 195392K, reserved 1245184K
  class space    used 24489K, committed 25856K, reserved 1048576K
}
Event: 27.067 GC heap after
{Heap after GC invocations=63 (full 0):
 garbage-first heap   total 393216K, used 241237K [0x0000000080000000, 0x0000000100000000)
  region size 1024K, 8 young (8192K), 8 survivors (8192K)
 Metaspace       used 192634K, committed 195392K, reserved 1245184K
  class space    used 24489K, committed 25856K, reserved 1048576K
}
Event: 28.507 GC heap before
{Heap before GC invocations=63 (full 0):
 garbage-first heap   total 393216K, used 358997K [0x0000000080000000, 0x0000000100000000)
  region size 1024K, 124 young (126976K), 8 survivors (8192K)
 Metaspace       used 204250K, committed 207232K, reserved 1245184K
  class space    used 26026K, committed 27520K, reserved 1048576K
}
Event: 28.516 GC heap after
{Heap after GC invocations=64 (full 0):
 garbage-first heap   total 393216K, used 233246K [0x0000000080000000, 0x0000000100000000)
  region size 1024K, 13 young (13312K), 13 survivors (13312K)
 Metaspace       used 204250K, committed 207232K, reserved 1245184K
  class space    used 26026K, committed 27520K, reserved 1048576K
}
Event: 46.457 GC heap before
{Heap before GC invocations=64 (full 0):
 garbage-first heap   total 393216K, used 358174K [0x0000000080000000, 0x0000000100000000)
  region size 1024K, 135 young (138240K), 13 survivors (13312K)
 Metaspace       used 207257K, committed 210240K, reserved 1245184K
  class space    used 26232K, committed 27712K, reserved 1048576K
}
Event: 46.467 GC heap after
{Heap after GC invocations=65 (full 0):
 garbage-first heap   total 393216K, used 242688K [0x0000000080000000, 0x0000000100000000)
  region size 1024K, 14 young (14336K), 14 survivors (14336K)
 Metaspace       used 207257K, committed 210240K, reserved 1245184K
  class space    used 26232K, committed 27712K, reserved 1048576K
}
Event: 48.810 GC heap before
{Heap before GC invocations=65 (full 0):
 garbage-first heap   total 393216K, used 357376K [0x0000000080000000, 0x0000000100000000)
  region size 1024K, 127 young (130048K), 14 survivors (14336K)
 Metaspace       used 207596K, committed 210560K, reserved 1245184K
  class space    used 26253K, committed 27712K, reserved 1048576K
}
Event: 48.819 GC heap after
{Heap after GC invocations=66 (full 0):
 garbage-first heap   total 393216K, used 246784K [0x0000000080000000, 0x0000000100000000)
  region size 1024K, 4 young (4096K), 4 survivors (4096K)
 Metaspace       used 207596K, committed 210560K, reserved 1245184K
  class space    used 26253K, committed 27712K, reserved 1048576K
}
Event: 50.137 GC heap before
{Heap before GC invocations=67 (full 0):
 garbage-first heap   total 411648K, used 366592K [0x0000000080000000, 0x0000000100000000)
  region size 1024K, 122 young (124928K), 4 survivors (4096K)
 Metaspace       used 207640K, committed 210624K, reserved 1245184K
  class space    used 26258K, committed 27776K, reserved 1048576K
}
Event: 50.141 GC heap after
{Heap after GC invocations=68 (full 0):
 garbage-first heap   total 411648K, used 246952K [0x0000000080000000, 0x0000000100000000)
  region size 1024K, 5 young (5120K), 5 survivors (5120K)
 Metaspace       used 207640K, committed 210624K, reserved 1245184K
  class space    used 26258K, committed 27776K, reserved 1048576K
}
Event: 51.652 GC heap before
{Heap before GC invocations=68 (full 0):
 garbage-first heap   total 411648K, used 383144K [0x0000000080000000, 0x0000000100000000)
  region size 1024K, 139 young (142336K), 5 survivors (5120K)
 Metaspace       used 208094K, committed 211072K, reserved 1245184K
  class space    used 26301K, committed 27776K, reserved 1048576K
}
Event: 51.658 GC heap after
{Heap after GC invocations=69 (full 0):
 garbage-first heap   total 411648K, used 243374K [0x0000000080000000, 0x0000000100000000)
  region size 1024K, 6 young (6144K), 6 survivors (6144K)
 Metaspace       used 208094K, committed 211072K, reserved 1245184K
  class space    used 26301K, committed 27776K, reserved 1048576K
}
Event: 53.175 GC heap before
{Heap before GC invocations=69 (full 0):
 garbage-first heap   total 411648K, used 381614K [0x0000000080000000, 0x0000000100000000)
  region size 1024K, 142 young (145408K), 6 survivors (6144K)
 Metaspace       used 208147K, committed 211072K, reserved 1245184K
  class space    used 26302K, committed 27776K, reserved 1048576K
}
Event: 53.181 GC heap after
{Heap after GC invocations=70 (full 0):
 garbage-first heap   total 411648K, used 244259K [0x0000000080000000, 0x0000000100000000)
  region size 1024K, 7 young (7168K), 7 survivors (7168K)
 Metaspace       used 208147K, committed 211072K, reserved 1245184K
  class space    used 26302K, committed 27776K, reserved 1048576K
}

